Sender: LSF System <lsfadmin@eu-c7-057-07>
Subject: Job 66721567: <python2.7 fixed_sst_clim_3d_ozone_t85.py> in cluster <euler> Exited

Job <python2.7 fixed_sst_clim_3d_ozone_t85.py> was submitted from host <eu-login-09> by user <bernatj> in cluster <euler> at Fri Jun 22 15:58:06 2018.
Job was executed on host(s) <24*eu-c7-057-07>, in queue <normal.120h>, as user <bernatj> in cluster <euler> at Fri Jun 22 16:03:05 2018.
                            <24*eu-c7-046-10>
                            <16*eu-c7-046-14>
</cluster/home/bernatj> was used as the home directory.
</cluster/home/bernatj/Isca-master/exp/fixed_sst_clim> was used as the working directory.
Started at Fri Jun 22 16:03:05 2018.
Terminated at Fri Jun 22 20:56:24 2018.
Results reported at Fri Jun 22 20:56:24 2018.

Your job looked like:

------------------------------------------------------------
# LSBATCH: User input
python2.7 fixed_sst_clim_3d_ozone_t85.py
------------------------------------------------------------

TERM_MEMLIMIT: job killed after reaching LSF memory usage limit.
Exited with signal termination: 9.

Resource usage summary:

    CPU time :                                   1080839.00 sec.
    Max Memory :                                 42040 MB
    Average Memory :                             16306.29 MB
    Total Requested Memory :                     65536.00 MB
    Delta Memory :                               23496.00 MB
    Max Swap :                                   1 MB
    Max Processes :                              71
    Max Threads :                                203
    Run time :                                   17617 sec.
    Turnaround time :                            17898 sec.

The output (if any) follows:

2018-06-22 16:03:17,039 - gfdl - WARNING - Working directory for exp 'fixed_sst_clim_t85' already exists
2018-06-22 16:03:17,280 - gfdl - INFO - Writing path_names to '/cluster/work/climate/bernatj/fixed_sst_clim_t85/path_names'
2018-06-22 16:03:17,297 - gfdl - INFO - Running compiler
2018-06-22 16:03:17,330 - gfdl - DEBUG - /cluster/work/climate/bernatj/fixed_sst_clim_t85/compile.sh: line 18: nf-config: command not found
2018-06-22 16:03:17,905 - gfdl - DEBUG - loadmodules
2018-06-22 16:03:18,567 - gfdl - DEBUG - Currently Loaded Modulefiles:
2018-06-22 16:03:18,571 - gfdl - DEBUG - 1) new                           5) szip/2.1(default)
2018-06-22 16:03:18,572 - gfdl - DEBUG - 2) intel/16.0.2.181              6) hdf5/1.8.12(default)
2018-06-22 16:03:18,572 - gfdl - DEBUG - 3) legacy                        7) netcdf/4.3.1(4.3:default)
2018-06-22 16:03:18,572 - gfdl - DEBUG - 4) centos_cruft/6                8) open_mpi/1.6.5(1.6:default)
2018-06-22 16:03:19,365 - gfdl - DEBUG - Currently Loaded Modulefiles:
2018-06-22 16:03:19,368 - gfdl - DEBUG - 1) new                           5) szip/2.1(default)
2018-06-22 16:03:19,368 - gfdl - DEBUG - 2) intel/16.0.2.181              6) hdf5/1.8.12(default)
2018-06-22 16:03:19,368 - gfdl - DEBUG - 3) legacy                        7) netcdf/4.3.1(4.3:default)
2018-06-22 16:03:19,368 - gfdl - DEBUG - 4) centos_cruft/6                8) open_mpi/1.6.5(1.6:default)
2018-06-22 16:03:21,004 - gfdl - DEBUG - ln: failed to create symbolic link ‘/cluster/work/climate/bernatj/fixed_sst_clim_t85/exec/mppnccombine.x’: File exists
2018-06-22 16:03:23,371 - gfdl - DEBUG - Makefile is ready.
2018-06-22 16:03:23,829 - gfdl - DEBUG - make: Nothing to be done for `all'.
2018-06-22 16:03:24,015 - gfdl - DEBUG - make: `fms_moist.x' is up to date.
2018-06-22 16:03:24,020 - gfdl - DEBUG - ...................................................................................................................................................................................................
2018-06-22 16:03:24,027 - gfdl - DEBUG - Compilation complete.
2018-06-22 16:03:24,132 - gfdl - INFO - Emptied run directory '/cluster/work/climate/bernatj/fixed_sst_clim_t85/run'
2018-06-22 16:03:24,247 - gfdl - INFO - Writing namelist to '/cluster/work/climate/bernatj/fixed_sst_clim_t85/run/input.nml'
2018-06-22 16:03:24,256 - gfdl - INFO - Writing field_table to '/cluster/work/climate/bernatj/fixed_sst_clim_t85/run/field_table'
2018-06-22 16:03:24,279 - gfdl - INFO - Writing diag_table to '/cluster/work/climate/bernatj/fixed_sst_clim_t85/run/diag_table'
2018-06-22 16:03:25,174 - gfdl - INFO - Running month 1 without restart file
2018-06-22 16:03:25,191 - gfdl - INFO - Running GFDL for month 1
2018-06-22 16:03:25,536 - gfdl - DEBUG - loadmodules
2018-06-22 16:03:25,993 - gfdl - DEBUG - Currently Loaded Modulefiles:
2018-06-22 16:03:25,996 - gfdl - DEBUG - 1) new                           5) szip/2.1(default)
2018-06-22 16:03:25,996 - gfdl - DEBUG - 2) intel/16.0.2.181              6) hdf5/1.8.12(default)
2018-06-22 16:03:25,996 - gfdl - DEBUG - 3) legacy                        7) netcdf/4.3.1(4.3:default)
2018-06-22 16:03:25,997 - gfdl - DEBUG - 4) centos_cruft/6                8) open_mpi/1.6.5(1.6:default)
2018-06-22 16:03:29,187 - gfdl - DEBUG - NOTE from PE    0: MPP_DOMAINS_SET_STACK_SIZE: stack size set to    32768.
2018-06-22 16:03:29,187 - gfdl - DEBUG - &MPP_IO_NML
2018-06-22 16:03:29,187 - gfdl - DEBUG - HEADER_BUFFER_VAL       =       16384,
2018-06-22 16:03:29,187 - gfdl - DEBUG - GLOBAL_FIELD_ON_ROOT_PE = T,
2018-06-22 16:03:29,187 - gfdl - DEBUG - IO_CLOCKS_ON    = F,
2018-06-22 16:03:29,187 - gfdl - DEBUG - SHUFFLE =           0,
2018-06-22 16:03:29,187 - gfdl - DEBUG - DEFLATE_LEVEL   =          -1
2018-06-22 16:03:29,188 - gfdl - DEBUG - /
2018-06-22 16:03:29,188 - gfdl - DEBUG - NOTE from PE    0: MPP_IO_SET_STACK_SIZE: stack size set to     131072.
2018-06-22 16:03:29,197 - gfdl - DEBUG - NOTE from PE    0: MPP_DOMAINS_SET_STACK_SIZE: stack size set to   600000.
2018-06-22 16:03:29,327 - gfdl - DEBUG - starting            1  OpenMP threads per MPI-task
2018-06-22 16:03:29,338 - gfdl - DEBUG - ATMOS MODEL DOMAIN DECOMPOSITION
2018-06-22 16:03:29,339 - gfdl - DEBUG - X-AXIS =  256
2018-06-22 16:03:29,339 - gfdl - DEBUG - Y-AXIS =    2   2   2   2   2   2   2   2   2   2   2   2   2   2   2   2   2   2   2   2   2   2   2   2
2018-06-22 16:03:29,339 - gfdl - DEBUG - 2   2   2   2   2   2   2   2   2   2   2   2   2   2   2   2   2   2   2   2   2   2   2   2
2018-06-22 16:03:29,339 - gfdl - DEBUG - 2   2   2   2   2   2   2   2   2   2   2   2   2   2   2   2
2018-06-22 16:03:30,629 - gfdl - DEBUG - Message from subroutine regularize: lambda=  1.00000000E-07  fraction_smoothed=  5.88632190E-01
2018-06-22 16:03:30,666 - gfdl - DEBUG - Message from subroutine regularize: lambda=  2.00000000E-07  fraction_smoothed=  7.00003422E-01
2018-06-22 16:03:30,726 - gfdl - DEBUG - Message from subroutine regularize: lambda=  2.89786722E-07  fraction_smoothed=  7.52456548E-01
2018-06-22 16:03:30,761 - gfdl - DEBUG - Message from subroutine regularize: lambda=  3.71169301E-07  fraction_smoothed=  7.84267630E-01
2018-06-22 16:03:30,802 - gfdl - DEBUG - Message from subroutine regularize: lambda=  4.11417564E-07  fraction_smoothed=  7.96640219E-01
2018-06-22 16:03:30,840 - gfdl - DEBUG - Message from subroutine regularize: lambda=  4.22346995E-07  fraction_smoothed=  7.99712368E-01
2018-06-22 16:03:30,875 - gfdl - DEBUG - Message from subroutine regularize: lambda=  4.22346995E-07  fraction_smoothed=  7.99712368E-01
2018-06-22 16:03:30,875 - gfdl - DEBUG - Message from subroutine get_topography:
2018-06-22 16:03:30,875 - gfdl - DEBUG - lambda=  4.22346995E-07  fraction_smoothed=  7.99712368E-01
2018-06-22 16:03:30,908 - gfdl - DEBUG - mean surface pressure= 973.3627 mb
2018-06-22 16:03:30,976 - gfdl - DEBUG - NOTE from PE    0: idealized_moist_phys: Using Betts-Miller convection scheme.
2018-06-22 16:03:31,095 - gfdl - DEBUG - NOTE from PE    0: interpolator_mod :sst_clim_ersstv4.nc is a year-independent climatology file
2018-06-22 16:03:31,096 - gfdl - DEBUG - Initializing src field : sst_clim_ersstv4
2018-06-22 16:03:31,200 - gfdl - DEBUG - NOTE from PE    0: interpolator_mod :siconc_clim_eraint.nc is a year-independent climatology file
2018-06-22 16:03:31,209 - gfdl - DEBUG - Initializing src field : siconc_clim_eraint
2018-06-22 16:03:31,379 - gfdl - DEBUG - NOTE from PE    0: interpolator_mod :ozone_era.nc is a year-independent climatology file
2018-06-22 16:03:31,387 - gfdl - DEBUG - Initializing src field : ozone_era
2018-06-22 16:03:31,390 - gfdl - DEBUG - NOTE from PE    0: interpolator_mod :h2o_era.nc is a year-independent climatology file
2018-06-22 16:03:31,524 - gfdl - DEBUG - Initializing src field : h2o_era
2018-06-22 16:03:31,593 - gfdl - DEBUG - NOTE from PE    0: MPP_IO_SET_STACK_SIZE: stack size set to     388944.
2018-06-22 16:04:15,807 - gfdl - DEBUG - Integration completed through    1 Jan  2   0: 0: 0
2018-06-22 16:04:59,863 - gfdl - DEBUG - Integration completed through    1 Jan  3   0: 0: 0
2018-06-22 16:05:43,802 - gfdl - DEBUG - Integration completed through    1 Jan  4   0: 0: 0
2018-06-22 16:06:28,184 - gfdl - DEBUG - Integration completed through    1 Jan  5   0: 0: 0
2018-06-22 16:07:12,322 - gfdl - DEBUG - Integration completed through    1 Jan  6   0: 0: 0
2018-06-22 16:07:56,395 - gfdl - DEBUG - Integration completed through    1 Jan  7   0: 0: 0
2018-06-22 16:08:40,895 - gfdl - DEBUG - Integration completed through    1 Jan  8   0: 0: 0
2018-06-22 16:09:24,940 - gfdl - DEBUG - Integration completed through    1 Jan  9   0: 0: 0
2018-06-22 16:10:09,098 - gfdl - DEBUG - Integration completed through    1 Jan 10   0: 0: 0
2018-06-22 16:10:53,229 - gfdl - DEBUG - Integration completed through    1 Jan 11   0: 0: 0
2018-06-22 16:11:37,346 - gfdl - DEBUG - Integration completed through    1 Jan 12   0: 0: 0
2018-06-22 16:12:21,521 - gfdl - DEBUG - Integration completed through    1 Jan 13   0: 0: 0
2018-06-22 16:13:06,442 - gfdl - DEBUG - Integration completed through    1 Jan 14   0: 0: 0
2018-06-22 16:13:50,554 - gfdl - DEBUG - Integration completed through    1 Jan 15   0: 0: 0
2018-06-22 16:14:34,589 - gfdl - DEBUG - Integration completed through    1 Jan 16   0: 0: 0
2018-06-22 16:15:18,559 - gfdl - DEBUG - Integration completed through    1 Jan 17   0: 0: 0
2018-06-22 16:16:02,547 - gfdl - DEBUG - Integration completed through    1 Jan 18   0: 0: 0
2018-06-22 16:16:46,533 - gfdl - DEBUG - Integration completed through    1 Jan 19   0: 0: 0
2018-06-22 16:17:30,591 - gfdl - DEBUG - Integration completed through    1 Jan 20   0: 0: 0
2018-06-22 16:18:14,578 - gfdl - DEBUG - Integration completed through    1 Jan 21   0: 0: 0
2018-06-22 16:18:58,537 - gfdl - DEBUG - Integration completed through    1 Jan 22   0: 0: 0
2018-06-22 16:19:42,548 - gfdl - DEBUG - Integration completed through    1 Jan 23   0: 0: 0
2018-06-22 16:20:26,550 - gfdl - DEBUG - Integration completed through    1 Jan 24   0: 0: 0
2018-06-22 16:21:10,570 - gfdl - DEBUG - Integration completed through    1 Jan 25   0: 0: 0
2018-06-22 16:21:54,600 - gfdl - DEBUG - Integration completed through    1 Jan 26   0: 0: 0
2018-06-22 16:22:38,717 - gfdl - DEBUG - Integration completed through    1 Jan 27   0: 0: 0
2018-06-22 16:23:23,354 - gfdl - DEBUG - Integration completed through    1 Jan 28   0: 0: 0
2018-06-22 16:24:07,419 - gfdl - DEBUG - Integration completed through    1 Jan 29   0: 0: 0
2018-06-22 16:24:51,653 - gfdl - DEBUG - Integration completed through    1 Jan 30   0: 0: 0
2018-06-22 16:25:35,832 - gfdl - DEBUG - Integration completed through    1 Feb  1   0: 0: 0
2018-06-22 16:26:20,265 - gfdl - DEBUG - Integration completed through    1 Feb  2   0: 0: 0
2018-06-22 16:27:04,499 - gfdl - DEBUG - Integration completed through    1 Feb  3   0: 0: 0
2018-06-22 16:27:48,918 - gfdl - DEBUG - Integration completed through    1 Feb  4   0: 0: 0
2018-06-22 16:28:33,140 - gfdl - DEBUG - Integration completed through    1 Feb  5   0: 0: 0
2018-06-22 16:29:17,232 - gfdl - DEBUG - Integration completed through    1 Feb  6   0: 0: 0
2018-06-22 16:30:01,325 - gfdl - DEBUG - Integration completed through    1 Feb  7   0: 0: 0
2018-06-22 16:30:45,641 - gfdl - DEBUG - Integration completed through    1 Feb  8   0: 0: 0
2018-06-22 16:31:29,871 - gfdl - DEBUG - Integration completed through    1 Feb  9   0: 0: 0
2018-06-22 16:32:14,322 - gfdl - DEBUG - Integration completed through    1 Feb 10   0: 0: 0
2018-06-22 16:32:58,446 - gfdl - DEBUG - Integration completed through    1 Feb 11   0: 0: 0
2018-06-22 16:33:42,633 - gfdl - DEBUG - Integration completed through    1 Feb 12   0: 0: 0
2018-06-22 16:34:26,965 - gfdl - DEBUG - Integration completed through    1 Feb 13   0: 0: 0
2018-06-22 16:35:11,338 - gfdl - DEBUG - Integration completed through    1 Feb 14   0: 0: 0
2018-06-22 16:35:55,773 - gfdl - DEBUG - Integration completed through    1 Feb 15   0: 0: 0
2018-06-22 16:36:40,438 - gfdl - DEBUG - Integration completed through    1 Feb 16   0: 0: 0
2018-06-22 16:37:24,481 - gfdl - DEBUG - Integration completed through    1 Feb 17   0: 0: 0
2018-06-22 16:38:08,549 - gfdl - DEBUG - Integration completed through    1 Feb 18   0: 0: 0
2018-06-22 16:38:52,873 - gfdl - DEBUG - Integration completed through    1 Feb 19   0: 0: 0
2018-06-22 16:39:36,947 - gfdl - DEBUG - Integration completed through    1 Feb 20   0: 0: 0
2018-06-22 16:40:21,234 - gfdl - DEBUG - Integration completed through    1 Feb 21   0: 0: 0
2018-06-22 16:41:05,682 - gfdl - DEBUG - Integration completed through    1 Feb 22   0: 0: 0
2018-06-22 16:41:50,223 - gfdl - DEBUG - Integration completed through    1 Feb 23   0: 0: 0
2018-06-22 16:42:34,568 - gfdl - DEBUG - Integration completed through    1 Feb 24   0: 0: 0
2018-06-22 16:43:18,766 - gfdl - DEBUG - Integration completed through    1 Feb 25   0: 0: 0
2018-06-22 16:44:02,851 - gfdl - DEBUG - Integration completed through    1 Feb 26   0: 0: 0
2018-06-22 16:44:47,164 - gfdl - DEBUG - Integration completed through    1 Feb 27   0: 0: 0
2018-06-22 16:45:31,450 - gfdl - DEBUG - Integration completed through    1 Feb 28   0: 0: 0
2018-06-22 16:46:15,611 - gfdl - DEBUG - Integration completed through    1 Feb 29   0: 0: 0
2018-06-22 16:46:59,812 - gfdl - DEBUG - Integration completed through    1 Feb 30   0: 0: 0
2018-06-22 16:47:44,351 - gfdl - DEBUG - Integration completed through    1 Mar  1   0: 0: 0
2018-06-22 16:48:28,569 - gfdl - DEBUG - Integration completed through    1 Mar  2   0: 0: 0
2018-06-22 16:49:12,757 - gfdl - DEBUG - Integration completed through    1 Mar  3   0: 0: 0
2018-06-22 16:49:56,899 - gfdl - DEBUG - Integration completed through    1 Mar  4   0: 0: 0
2018-06-22 16:50:41,082 - gfdl - DEBUG - Integration completed through    1 Mar  5   0: 0: 0
2018-06-22 16:51:25,375 - gfdl - DEBUG - Integration completed through    1 Mar  6   0: 0: 0
2018-06-22 16:52:09,823 - gfdl - DEBUG - Integration completed through    1 Mar  7   0: 0: 0
2018-06-22 16:52:54,014 - gfdl - DEBUG - Integration completed through    1 Mar  8   0: 0: 0
2018-06-22 16:53:38,507 - gfdl - DEBUG - Integration completed through    1 Mar  9   0: 0: 0
2018-06-22 16:54:22,862 - gfdl - DEBUG - Integration completed through    1 Mar 10   0: 0: 0
2018-06-22 16:55:07,081 - gfdl - DEBUG - Integration completed through    1 Mar 11   0: 0: 0
2018-06-22 16:55:51,023 - gfdl - DEBUG - Integration completed through    1 Mar 12   0: 0: 0
2018-06-22 16:56:35,635 - gfdl - DEBUG - Integration completed through    1 Mar 13   0: 0: 0
2018-06-22 16:57:19,983 - gfdl - DEBUG - Integration completed through    1 Mar 14   0: 0: 0
2018-06-22 16:58:04,215 - gfdl - DEBUG - Integration completed through    1 Mar 15   0: 0: 0
2018-06-22 16:58:48,521 - gfdl - DEBUG - Integration completed through    1 Mar 16   0: 0: 0
2018-06-22 16:59:32,585 - gfdl - DEBUG - Integration completed through    1 Mar 17   0: 0: 0
2018-06-22 17:00:16,791 - gfdl - DEBUG - Integration completed through    1 Mar 18   0: 0: 0
2018-06-22 17:01:00,806 - gfdl - DEBUG - Integration completed through    1 Mar 19   0: 0: 0
2018-06-22 17:01:45,058 - gfdl - DEBUG - Integration completed through    1 Mar 20   0: 0: 0
2018-06-22 17:02:29,019 - gfdl - DEBUG - Integration completed through    1 Mar 21   0: 0: 0
2018-06-22 17:03:13,191 - gfdl - DEBUG - Integration completed through    1 Mar 22   0: 0: 0
2018-06-22 17:03:57,593 - gfdl - DEBUG - Integration completed through    1 Mar 23   0: 0: 0
2018-06-22 17:04:42,165 - gfdl - DEBUG - Integration completed through    1 Mar 24   0: 0: 0
2018-06-22 17:05:26,374 - gfdl - DEBUG - Integration completed through    1 Mar 25   0: 0: 0
2018-06-22 17:06:09,277 - gfdl - DEBUG - Integration completed through    1 Mar 26   0: 0: 0
2018-06-22 17:06:51,611 - gfdl - DEBUG - Integration completed through    1 Mar 27   0: 0: 0
2018-06-22 17:07:33,151 - gfdl - DEBUG - Integration completed through    1 Mar 28   0: 0: 0
2018-06-22 17:08:13,223 - gfdl - DEBUG - Integration completed through    1 Mar 29   0: 0: 0
2018-06-22 17:08:50,858 - gfdl - DEBUG - Integration completed through    1 Mar 30   0: 0: 0
2018-06-22 17:09:26,963 - gfdl - DEBUG - Integration completed through    1 Apr  1   0: 0: 0
2018-06-22 17:10:03,280 - gfdl - DEBUG - Integration completed through    1 Apr  2   0: 0: 0
2018-06-22 17:10:40,678 - gfdl - DEBUG - Integration completed through    1 Apr  3   0: 0: 0
2018-06-22 17:11:21,141 - gfdl - DEBUG - Integration completed through    1 Apr  4   0: 0: 0
2018-06-22 17:12:02,610 - gfdl - DEBUG - Integration completed through    1 Apr  5   0: 0: 0
2018-06-22 17:12:44,712 - gfdl - DEBUG - Integration completed through    1 Apr  6   0: 0: 0
2018-06-22 17:13:27,626 - gfdl - DEBUG - Integration completed through    1 Apr  7   0: 0: 0
2018-06-22 17:14:11,732 - gfdl - DEBUG - Integration completed through    1 Apr  8   0: 0: 0
2018-06-22 17:14:55,962 - gfdl - DEBUG - Integration completed through    1 Apr  9   0: 0: 0
2018-06-22 17:15:40,204 - gfdl - DEBUG - Integration completed through    1 Apr 10   0: 0: 0
2018-06-22 17:16:24,416 - gfdl - DEBUG - Integration completed through    1 Apr 11   0: 0: 0
2018-06-22 17:17:08,683 - gfdl - DEBUG - Integration completed through    1 Apr 12   0: 0: 0
2018-06-22 17:17:52,887 - gfdl - DEBUG - Integration completed through    1 Apr 13   0: 0: 0
2018-06-22 17:18:37,019 - gfdl - DEBUG - Integration completed through    1 Apr 14   0: 0: 0
2018-06-22 17:19:21,734 - gfdl - DEBUG - Integration completed through    1 Apr 15   0: 0: 0
2018-06-22 17:20:06,491 - gfdl - DEBUG - Integration completed through    1 Apr 16   0: 0: 0
2018-06-22 17:20:51,077 - gfdl - DEBUG - Integration completed through    1 Apr 17   0: 0: 0
2018-06-22 17:21:35,630 - gfdl - DEBUG - Integration completed through    1 Apr 18   0: 0: 0
2018-06-22 17:22:20,258 - gfdl - DEBUG - Integration completed through    1 Apr 19   0: 0: 0
2018-06-22 17:23:04,697 - gfdl - DEBUG - Integration completed through    1 Apr 20   0: 0: 0
2018-06-22 17:23:49,338 - gfdl - DEBUG - Integration completed through    1 Apr 21   0: 0: 0
2018-06-22 17:24:34,142 - gfdl - DEBUG - Integration completed through    1 Apr 22   0: 0: 0
2018-06-22 17:25:18,843 - gfdl - DEBUG - Integration completed through    1 Apr 23   0: 0: 0
2018-06-22 17:26:03,444 - gfdl - DEBUG - Integration completed through    1 Apr 24   0: 0: 0
2018-06-22 17:26:48,036 - gfdl - DEBUG - Integration completed through    1 Apr 25   0: 0: 0
2018-06-22 17:27:32,748 - gfdl - DEBUG - Integration completed through    1 Apr 26   0: 0: 0
2018-06-22 17:28:17,445 - gfdl - DEBUG - Integration completed through    1 Apr 27   0: 0: 0
2018-06-22 17:29:02,022 - gfdl - DEBUG - Integration completed through    1 Apr 28   0: 0: 0
2018-06-22 17:29:46,689 - gfdl - DEBUG - Integration completed through    1 Apr 29   0: 0: 0
2018-06-22 17:30:31,146 - gfdl - DEBUG - Integration completed through    1 Apr 30   0: 0: 0
2018-06-22 17:31:15,984 - gfdl - DEBUG - Integration completed through    1 May  1   0: 0: 0
2018-06-22 17:32:00,517 - gfdl - DEBUG - Integration completed through    1 May  2   0: 0: 0
2018-06-22 17:32:45,119 - gfdl - DEBUG - Integration completed through    1 May  3   0: 0: 0
2018-06-22 17:33:29,751 - gfdl - DEBUG - Integration completed through    1 May  4   0: 0: 0
2018-06-22 17:34:14,426 - gfdl - DEBUG - Integration completed through    1 May  5   0: 0: 0
2018-06-22 17:34:59,452 - gfdl - DEBUG - Integration completed through    1 May  6   0: 0: 0
2018-06-22 17:35:44,469 - gfdl - DEBUG - Integration completed through    1 May  7   0: 0: 0
2018-06-22 17:36:29,089 - gfdl - DEBUG - Integration completed through    1 May  8   0: 0: 0
2018-06-22 17:37:13,647 - gfdl - DEBUG - Integration completed through    1 May  9   0: 0: 0
2018-06-22 17:37:58,776 - gfdl - DEBUG - Integration completed through    1 May 10   0: 0: 0
2018-06-22 17:38:43,241 - gfdl - DEBUG - Integration completed through    1 May 11   0: 0: 0
2018-06-22 17:39:28,144 - gfdl - DEBUG - Integration completed through    1 May 12   0: 0: 0
2018-06-22 17:40:12,745 - gfdl - DEBUG - Integration completed through    1 May 13   0: 0: 0
2018-06-22 17:40:57,309 - gfdl - DEBUG - Integration completed through    1 May 14   0: 0: 0
2018-06-22 17:41:42,011 - gfdl - DEBUG - Integration completed through    1 May 15   0: 0: 0
2018-06-22 17:42:26,609 - gfdl - DEBUG - Integration completed through    1 May 16   0: 0: 0
2018-06-22 17:43:11,283 - gfdl - DEBUG - Integration completed through    1 May 17   0: 0: 0
2018-06-22 17:43:55,777 - gfdl - DEBUG - Integration completed through    1 May 18   0: 0: 0
2018-06-22 17:44:40,390 - gfdl - DEBUG - Integration completed through    1 May 19   0: 0: 0
2018-06-22 17:45:24,899 - gfdl - DEBUG - Integration completed through    1 May 20   0: 0: 0
2018-06-22 17:46:09,432 - gfdl - DEBUG - Integration completed through    1 May 21   0: 0: 0
2018-06-22 17:46:54,009 - gfdl - DEBUG - Integration completed through    1 May 22   0: 0: 0
2018-06-22 17:47:38,523 - gfdl - DEBUG - Integration completed through    1 May 23   0: 0: 0
2018-06-22 17:48:23,266 - gfdl - DEBUG - Integration completed through    1 May 24   0: 0: 0
2018-06-22 17:49:08,151 - gfdl - DEBUG - Integration completed through    1 May 25   0: 0: 0
2018-06-22 17:49:52,611 - gfdl - DEBUG - Integration completed through    1 May 26   0: 0: 0
2018-06-22 17:50:37,035 - gfdl - DEBUG - Integration completed through    1 May 27   0: 0: 0
2018-06-22 17:51:21,508 - gfdl - DEBUG - Integration completed through    1 May 28   0: 0: 0
2018-06-22 17:52:06,051 - gfdl - DEBUG - Integration completed through    1 May 29   0: 0: 0
2018-06-22 17:52:50,533 - gfdl - DEBUG - Integration completed through    1 May 30   0: 0: 0
2018-06-22 17:53:35,052 - gfdl - DEBUG - Integration completed through    1 Jun  1   0: 0: 0
2018-06-22 17:54:19,509 - gfdl - DEBUG - Integration completed through    1 Jun  2   0: 0: 0
2018-06-22 17:55:04,037 - gfdl - DEBUG - Integration completed through    1 Jun  3   0: 0: 0
2018-06-22 17:55:48,531 - gfdl - DEBUG - Integration completed through    1 Jun  4   0: 0: 0
2018-06-22 17:56:33,104 - gfdl - DEBUG - Integration completed through    1 Jun  5   0: 0: 0
2018-06-22 17:57:17,635 - gfdl - DEBUG - Integration completed through    1 Jun  6   0: 0: 0
2018-06-22 17:58:02,343 - gfdl - DEBUG - Integration completed through    1 Jun  7   0: 0: 0
2018-06-22 17:58:47,282 - gfdl - DEBUG - Integration completed through    1 Jun  8   0: 0: 0
2018-06-22 17:59:32,567 - gfdl - DEBUG - Integration completed through    1 Jun  9   0: 0: 0
2018-06-22 18:00:17,036 - gfdl - DEBUG - Integration completed through    1 Jun 10   0: 0: 0
2018-06-22 18:01:01,773 - gfdl - DEBUG - Integration completed through    1 Jun 11   0: 0: 0
2018-06-22 18:01:46,231 - gfdl - DEBUG - Integration completed through    1 Jun 12   0: 0: 0
2018-06-22 18:02:30,993 - gfdl - DEBUG - Integration completed through    1 Jun 13   0: 0: 0
2018-06-22 18:03:15,550 - gfdl - DEBUG - Integration completed through    1 Jun 14   0: 0: 0
2018-06-22 18:04:00,143 - gfdl - DEBUG - Integration completed through    1 Jun 15   0: 0: 0
2018-06-22 18:04:44,715 - gfdl - DEBUG - Integration completed through    1 Jun 16   0: 0: 0
2018-06-22 18:05:29,345 - gfdl - DEBUG - Integration completed through    1 Jun 17   0: 0: 0
2018-06-22 18:06:13,869 - gfdl - DEBUG - Integration completed through    1 Jun 18   0: 0: 0
2018-06-22 18:06:58,606 - gfdl - DEBUG - Integration completed through    1 Jun 19   0: 0: 0
2018-06-22 18:07:43,166 - gfdl - DEBUG - Integration completed through    1 Jun 20   0: 0: 0
2018-06-22 18:08:27,744 - gfdl - DEBUG - Integration completed through    1 Jun 21   0: 0: 0
2018-06-22 18:09:12,257 - gfdl - DEBUG - Integration completed through    1 Jun 22   0: 0: 0
2018-06-22 18:09:56,910 - gfdl - DEBUG - Integration completed through    1 Jun 23   0: 0: 0
2018-06-22 18:10:41,542 - gfdl - DEBUG - Integration completed through    1 Jun 24   0: 0: 0
2018-06-22 18:11:26,324 - gfdl - DEBUG - Integration completed through    1 Jun 25   0: 0: 0
2018-06-22 18:12:10,759 - gfdl - DEBUG - Integration completed through    1 Jun 26   0: 0: 0
2018-06-22 18:12:55,308 - gfdl - DEBUG - Integration completed through    1 Jun 27   0: 0: 0
2018-06-22 18:13:40,015 - gfdl - DEBUG - Integration completed through    1 Jun 28   0: 0: 0
2018-06-22 18:14:24,471 - gfdl - DEBUG - Integration completed through    1 Jun 29   0: 0: 0
2018-06-22 18:15:09,421 - gfdl - DEBUG - Integration completed through    1 Jun 30   0: 0: 0
2018-06-22 18:15:54,489 - gfdl - DEBUG - Integration completed through    1 Jul  1   0: 0: 0
2018-06-22 18:16:39,112 - gfdl - DEBUG - Integration completed through    1 Jul  2   0: 0: 0
2018-06-22 18:17:23,603 - gfdl - DEBUG - Integration completed through    1 Jul  3   0: 0: 0
2018-06-22 18:18:08,404 - gfdl - DEBUG - Integration completed through    1 Jul  4   0: 0: 0
2018-06-22 18:18:52,906 - gfdl - DEBUG - Integration completed through    1 Jul  5   0: 0: 0
2018-06-22 18:19:37,755 - gfdl - DEBUG - Integration completed through    1 Jul  6   0: 0: 0
2018-06-22 18:20:22,271 - gfdl - DEBUG - Integration completed through    1 Jul  7   0: 0: 0
2018-06-22 18:21:06,953 - gfdl - DEBUG - Integration completed through    1 Jul  8   0: 0: 0
2018-06-22 18:21:51,563 - gfdl - DEBUG - Integration completed through    1 Jul  9   0: 0: 0
2018-06-22 18:22:36,301 - gfdl - DEBUG - Integration completed through    1 Jul 10   0: 0: 0
2018-06-22 18:23:21,008 - gfdl - DEBUG - Integration completed through    1 Jul 11   0: 0: 0
2018-06-22 18:24:05,683 - gfdl - DEBUG - Integration completed through    1 Jul 12   0: 0: 0
2018-06-22 18:24:50,260 - gfdl - DEBUG - Integration completed through    1 Jul 13   0: 0: 0
2018-06-22 18:25:34,821 - gfdl - DEBUG - Integration completed through    1 Jul 14   0: 0: 0
2018-06-22 18:26:19,440 - gfdl - DEBUG - Integration completed through    1 Jul 15   0: 0: 0
2018-06-22 18:27:04,206 - gfdl - DEBUG - Integration completed through    1 Jul 16   0: 0: 0
2018-06-22 18:27:48,988 - gfdl - DEBUG - Integration completed through    1 Jul 17   0: 0: 0
2018-06-22 18:28:33,802 - gfdl - DEBUG - Integration completed through    1 Jul 18   0: 0: 0
2018-06-22 18:29:18,382 - gfdl - DEBUG - Integration completed through    1 Jul 19   0: 0: 0
2018-06-22 18:30:03,104 - gfdl - DEBUG - Integration completed through    1 Jul 20   0: 0: 0
2018-06-22 18:30:47,981 - gfdl - DEBUG - Integration completed through    1 Jul 21   0: 0: 0
2018-06-22 18:31:32,625 - gfdl - DEBUG - Integration completed through    1 Jul 22   0: 0: 0
2018-06-22 18:32:17,160 - gfdl - DEBUG - Integration completed through    1 Jul 23   0: 0: 0
2018-06-22 18:33:01,766 - gfdl - DEBUG - Integration completed through    1 Jul 24   0: 0: 0
2018-06-22 18:33:46,476 - gfdl - DEBUG - Integration completed through    1 Jul 25   0: 0: 0
2018-06-22 18:34:30,983 - gfdl - DEBUG - Integration completed through    1 Jul 26   0: 0: 0
2018-06-22 18:35:15,653 - gfdl - DEBUG - Integration completed through    1 Jul 27   0: 0: 0
2018-06-22 18:36:00,608 - gfdl - DEBUG - Integration completed through    1 Jul 28   0: 0: 0
2018-06-22 18:36:45,136 - gfdl - DEBUG - Integration completed through    1 Jul 29   0: 0: 0
2018-06-22 18:37:29,791 - gfdl - DEBUG - Integration completed through    1 Jul 30   0: 0: 0
2018-06-22 18:38:14,579 - gfdl - DEBUG - Integration completed through    1 Aug  1   0: 0: 0
2018-06-22 18:38:59,067 - gfdl - DEBUG - Integration completed through    1 Aug  2   0: 0: 0
2018-06-22 18:39:43,621 - gfdl - DEBUG - Integration completed through    1 Aug  3   0: 0: 0
2018-06-22 18:40:28,354 - gfdl - DEBUG - Integration completed through    1 Aug  4   0: 0: 0
2018-06-22 18:41:12,953 - gfdl - DEBUG - Integration completed through    1 Aug  5   0: 0: 0
2018-06-22 18:41:57,687 - gfdl - DEBUG - Integration completed through    1 Aug  6   0: 0: 0
2018-06-22 18:42:42,336 - gfdl - DEBUG - Integration completed through    1 Aug  7   0: 0: 0
2018-06-22 18:43:27,061 - gfdl - DEBUG - Integration completed through    1 Aug  8   0: 0: 0
2018-06-22 18:44:11,842 - gfdl - DEBUG - Integration completed through    1 Aug  9   0: 0: 0
2018-06-22 18:44:56,367 - gfdl - DEBUG - Integration completed through    1 Aug 10   0: 0: 0
2018-06-22 18:45:41,416 - gfdl - DEBUG - Integration completed through    1 Aug 11   0: 0: 0
2018-06-22 18:46:26,231 - gfdl - DEBUG - Integration completed through    1 Aug 12   0: 0: 0
2018-06-22 18:47:10,868 - gfdl - DEBUG - Integration completed through    1 Aug 13   0: 0: 0
2018-06-22 18:47:55,368 - gfdl - DEBUG - Integration completed through    1 Aug 14   0: 0: 0
2018-06-22 18:48:40,083 - gfdl - DEBUG - Integration completed through    1 Aug 15   0: 0: 0
2018-06-22 18:49:24,714 - gfdl - DEBUG - Integration completed through    1 Aug 16   0: 0: 0
2018-06-22 18:50:09,403 - gfdl - DEBUG - Integration completed through    1 Aug 17   0: 0: 0
2018-06-22 18:50:54,022 - gfdl - DEBUG - Integration completed through    1 Aug 18   0: 0: 0
2018-06-22 18:51:38,530 - gfdl - DEBUG - Integration completed through    1 Aug 19   0: 0: 0
2018-06-22 18:52:23,159 - gfdl - DEBUG - Integration completed through    1 Aug 20   0: 0: 0
2018-06-22 18:53:08,089 - gfdl - DEBUG - Integration completed through    1 Aug 21   0: 0: 0
2018-06-22 18:53:52,887 - gfdl - DEBUG - Integration completed through    1 Aug 22   0: 0: 0
2018-06-22 18:54:37,552 - gfdl - DEBUG - Integration completed through    1 Aug 23   0: 0: 0
2018-06-22 18:55:22,123 - gfdl - DEBUG - Integration completed through    1 Aug 24   0: 0: 0
2018-06-22 18:56:06,844 - gfdl - DEBUG - Integration completed through    1 Aug 25   0: 0: 0
2018-06-22 18:56:51,796 - gfdl - DEBUG - Integration completed through    1 Aug 26   0: 0: 0
2018-06-22 18:57:36,622 - gfdl - DEBUG - Integration completed through    1 Aug 27   0: 0: 0
2018-06-22 18:58:22,653 - gfdl - DEBUG - Integration completed through    1 Aug 28   0: 0: 0
2018-06-22 18:59:07,301 - gfdl - DEBUG - Integration completed through    1 Aug 29   0: 0: 0
2018-06-22 18:59:51,933 - gfdl - DEBUG - Integration completed through    1 Aug 30   0: 0: 0
2018-06-22 19:00:36,637 - gfdl - DEBUG - Integration completed through    1 Sep  1   0: 0: 0
2018-06-22 19:01:21,464 - gfdl - DEBUG - Integration completed through    1 Sep  2   0: 0: 0
2018-06-22 19:02:06,871 - gfdl - DEBUG - Integration completed through    1 Sep  3   0: 0: 0
2018-06-22 19:02:51,506 - gfdl - DEBUG - Integration completed through    1 Sep  4   0: 0: 0
2018-06-22 19:03:36,214 - gfdl - DEBUG - Integration completed through    1 Sep  5   0: 0: 0
2018-06-22 19:04:20,828 - gfdl - DEBUG - Integration completed through    1 Sep  6   0: 0: 0
2018-06-22 19:05:05,725 - gfdl - DEBUG - Integration completed through    1 Sep  7   0: 0: 0
2018-06-22 19:05:50,348 - gfdl - DEBUG - Integration completed through    1 Sep  8   0: 0: 0
2018-06-22 19:06:35,703 - gfdl - DEBUG - Integration completed through    1 Sep  9   0: 0: 0
2018-06-22 19:07:20,337 - gfdl - DEBUG - Integration completed through    1 Sep 10   0: 0: 0
2018-06-22 19:08:05,102 - gfdl - DEBUG - Integration completed through    1 Sep 11   0: 0: 0
2018-06-22 19:08:49,731 - gfdl - DEBUG - Integration completed through    1 Sep 12   0: 0: 0
2018-06-22 19:09:34,318 - gfdl - DEBUG - Integration completed through    1 Sep 13   0: 0: 0
2018-06-22 19:10:19,040 - gfdl - DEBUG - Integration completed through    1 Sep 14   0: 0: 0
2018-06-22 19:11:03,666 - gfdl - DEBUG - Integration completed through    1 Sep 15   0: 0: 0
2018-06-22 19:11:48,253 - gfdl - DEBUG - Integration completed through    1 Sep 16   0: 0: 0
2018-06-22 19:12:33,222 - gfdl - DEBUG - Integration completed through    1 Sep 17   0: 0: 0
2018-06-22 19:13:17,795 - gfdl - DEBUG - Integration completed through    1 Sep 18   0: 0: 0
2018-06-22 19:14:02,458 - gfdl - DEBUG - Integration completed through    1 Sep 19   0: 0: 0
2018-06-22 19:14:46,731 - gfdl - DEBUG - Integration completed through    1 Sep 20   0: 0: 0
2018-06-22 19:15:31,208 - gfdl - DEBUG - Integration completed through    1 Sep 21   0: 0: 0
2018-06-22 19:16:15,595 - gfdl - DEBUG - Integration completed through    1 Sep 22   0: 0: 0
2018-06-22 19:16:59,986 - gfdl - DEBUG - Integration completed through    1 Sep 23   0: 0: 0
2018-06-22 19:17:44,265 - gfdl - DEBUG - Integration completed through    1 Sep 24   0: 0: 0
2018-06-22 19:18:28,790 - gfdl - DEBUG - Integration completed through    1 Sep 25   0: 0: 0
2018-06-22 19:19:12,293 - gfdl - DEBUG - Integration completed through    1 Sep 26   0: 0: 0
2018-06-22 19:19:54,629 - gfdl - DEBUG - Integration completed through    1 Sep 27   0: 0: 0
2018-06-22 19:20:36,111 - gfdl - DEBUG - Integration completed through    1 Sep 28   0: 0: 0
2018-06-22 19:21:16,028 - gfdl - DEBUG - Integration completed through    1 Sep 29   0: 0: 0
2018-06-22 19:21:53,332 - gfdl - DEBUG - Integration completed through    1 Sep 30   0: 0: 0
2018-06-22 19:22:29,246 - gfdl - DEBUG - Integration completed through    1 Oct  1   0: 0: 0
2018-06-22 19:23:05,945 - gfdl - DEBUG - Integration completed through    1 Oct  2   0: 0: 0
2018-06-22 19:23:43,277 - gfdl - DEBUG - Integration completed through    1 Oct  3   0: 0: 0
2018-06-22 19:24:23,428 - gfdl - DEBUG - Integration completed through    1 Oct  4   0: 0: 0
2018-06-22 19:25:04,943 - gfdl - DEBUG - Integration completed through    1 Oct  5   0: 0: 0
2018-06-22 19:25:47,237 - gfdl - DEBUG - Integration completed through    1 Oct  6   0: 0: 0
2018-06-22 19:26:30,326 - gfdl - DEBUG - Integration completed through    1 Oct  7   0: 0: 0
2018-06-22 19:27:14,708 - gfdl - DEBUG - Integration completed through    1 Oct  8   0: 0: 0
2018-06-22 19:27:59,044 - gfdl - DEBUG - Integration completed through    1 Oct  9   0: 0: 0
2018-06-22 19:28:43,298 - gfdl - DEBUG - Integration completed through    1 Oct 10   0: 0: 0
2018-06-22 19:29:28,028 - gfdl - DEBUG - Integration completed through    1 Oct 11   0: 0: 0
2018-06-22 19:30:12,412 - gfdl - DEBUG - Integration completed through    1 Oct 12   0: 0: 0
2018-06-22 19:30:56,743 - gfdl - DEBUG - Integration completed through    1 Oct 13   0: 0: 0
2018-06-22 19:31:41,137 - gfdl - DEBUG - Integration completed through    1 Oct 14   0: 0: 0
2018-06-22 19:32:25,340 - gfdl - DEBUG - Integration completed through    1 Oct 15   0: 0: 0
2018-06-22 19:33:10,228 - gfdl - DEBUG - Integration completed through    1 Oct 16   0: 0: 0
2018-06-22 19:33:54,559 - gfdl - DEBUG - Integration completed through    1 Oct 17   0: 0: 0
2018-06-22 19:34:38,770 - gfdl - DEBUG - Integration completed through    1 Oct 18   0: 0: 0
2018-06-22 19:35:23,026 - gfdl - DEBUG - Integration completed through    1 Oct 19   0: 0: 0
2018-06-22 19:36:07,549 - gfdl - DEBUG - Integration completed through    1 Oct 20   0: 0: 0
2018-06-22 19:36:51,566 - gfdl - DEBUG - Integration completed through    1 Oct 21   0: 0: 0
2018-06-22 19:37:35,733 - gfdl - DEBUG - Integration completed through    1 Oct 22   0: 0: 0
2018-06-22 19:38:19,990 - gfdl - DEBUG - Integration completed through    1 Oct 23   0: 0: 0
2018-06-22 19:39:04,435 - gfdl - DEBUG - Integration completed through    1 Oct 24   0: 0: 0
2018-06-22 19:39:48,785 - gfdl - DEBUG - Integration completed through    1 Oct 25   0: 0: 0
2018-06-22 19:40:33,325 - gfdl - DEBUG - Integration completed through    1 Oct 26   0: 0: 0
2018-06-22 19:41:18,200 - gfdl - DEBUG - Integration completed through    1 Oct 27   0: 0: 0
2018-06-22 19:42:02,304 - gfdl - DEBUG - Integration completed through    1 Oct 28   0: 0: 0
2018-06-22 19:42:46,524 - gfdl - DEBUG - Integration completed through    1 Oct 29   0: 0: 0
2018-06-22 19:43:30,598 - gfdl - DEBUG - Integration completed through    1 Oct 30   0: 0: 0
2018-06-22 19:44:14,892 - gfdl - DEBUG - Integration completed through    1 Nov  1   0: 0: 0
2018-06-22 19:44:59,155 - gfdl - DEBUG - Integration completed through    1 Nov  2   0: 0: 0
2018-06-22 19:45:43,362 - gfdl - DEBUG - Integration completed through    1 Nov  3   0: 0: 0
2018-06-22 19:46:27,646 - gfdl - DEBUG - Integration completed through    1 Nov  4   0: 0: 0
2018-06-22 19:47:12,075 - gfdl - DEBUG - Integration completed through    1 Nov  5   0: 0: 0
2018-06-22 19:47:56,558 - gfdl - DEBUG - Integration completed through    1 Nov  6   0: 0: 0
2018-06-22 19:48:41,556 - gfdl - DEBUG - Integration completed through    1 Nov  7   0: 0: 0
2018-06-22 19:49:25,991 - gfdl - DEBUG - Integration completed through    1 Nov  8   0: 0: 0
2018-06-22 19:50:10,254 - gfdl - DEBUG - Integration completed through    1 Nov  9   0: 0: 0
2018-06-22 19:50:54,724 - gfdl - DEBUG - Integration completed through    1 Nov 10   0: 0: 0
2018-06-22 19:51:39,210 - gfdl - DEBUG - Integration completed through    1 Nov 11   0: 0: 0
2018-06-22 19:52:23,535 - gfdl - DEBUG - Integration completed through    1 Nov 12   0: 0: 0
2018-06-22 19:53:07,811 - gfdl - DEBUG - Integration completed through    1 Nov 13   0: 0: 0
2018-06-22 19:53:52,196 - gfdl - DEBUG - Integration completed through    1 Nov 14   0: 0: 0
2018-06-22 19:54:36,473 - gfdl - DEBUG - Integration completed through    1 Nov 15   0: 0: 0
2018-06-22 19:55:20,828 - gfdl - DEBUG - Integration completed through    1 Nov 16   0: 0: 0
2018-06-22 19:56:05,217 - gfdl - DEBUG - Integration completed through    1 Nov 17   0: 0: 0
2018-06-22 19:56:50,195 - gfdl - DEBUG - Integration completed through    1 Nov 18   0: 0: 0
2018-06-22 19:57:35,040 - gfdl - DEBUG - Integration completed through    1 Nov 19   0: 0: 0
2018-06-22 19:58:19,360 - gfdl - DEBUG - Integration completed through    1 Nov 20   0: 0: 0
2018-06-22 19:59:03,588 - gfdl - DEBUG - Integration completed through    1 Nov 21   0: 0: 0
2018-06-22 19:59:48,136 - gfdl - DEBUG - Integration completed through    1 Nov 22   0: 0: 0
2018-06-22 20:00:32,440 - gfdl - DEBUG - Integration completed through    1 Nov 23   0: 0: 0
2018-06-22 20:01:16,746 - gfdl - DEBUG - Integration completed through    1 Nov 24   0: 0: 0
2018-06-22 20:02:01,124 - gfdl - DEBUG - Integration completed through    1 Nov 25   0: 0: 0
2018-06-22 20:02:45,872 - gfdl - DEBUG - Integration completed through    1 Nov 26   0: 0: 0
2018-06-22 20:03:30,179 - gfdl - DEBUG - Integration completed through    1 Nov 27   0: 0: 0
2018-06-22 20:04:14,648 - gfdl - DEBUG - Integration completed through    1 Nov 28   0: 0: 0
2018-06-22 20:04:59,003 - gfdl - DEBUG - Integration completed through    1 Nov 29   0: 0: 0
2018-06-22 20:05:43,246 - gfdl - DEBUG - Integration completed through    1 Nov 30   0: 0: 0
2018-06-22 20:06:27,579 - gfdl - DEBUG - Integration completed through    1 Dec  1   0: 0: 0
2018-06-22 20:07:11,963 - gfdl - DEBUG - Integration completed through    1 Dec  2   0: 0: 0
2018-06-22 20:07:56,394 - gfdl - DEBUG - Integration completed through    1 Dec  3   0: 0: 0
2018-06-22 20:08:40,701 - gfdl - DEBUG - Integration completed through    1 Dec  4   0: 0: 0
2018-06-22 20:09:25,344 - gfdl - DEBUG - Integration completed through    1 Dec  5   0: 0: 0
2018-06-22 20:10:09,656 - gfdl - DEBUG - Integration completed through    1 Dec  6   0: 0: 0
2018-06-22 20:10:53,936 - gfdl - DEBUG - Integration completed through    1 Dec  7   0: 0: 0
2018-06-22 20:11:38,171 - gfdl - DEBUG - Integration completed through    1 Dec  8   0: 0: 0
2018-06-22 20:12:22,526 - gfdl - DEBUG - Integration completed through    1 Dec  9   0: 0: 0
2018-06-22 20:13:07,120 - gfdl - DEBUG - Integration completed through    1 Dec 10   0: 0: 0
2018-06-22 20:13:51,489 - gfdl - DEBUG - Integration completed through    1 Dec 11   0: 0: 0
2018-06-22 20:14:35,928 - gfdl - DEBUG - Integration completed through    1 Dec 12   0: 0: 0
2018-06-22 20:15:20,534 - gfdl - DEBUG - Integration completed through    1 Dec 13   0: 0: 0
2018-06-22 20:16:05,011 - gfdl - DEBUG - Integration completed through    1 Dec 14   0: 0: 0
2018-06-22 20:16:49,491 - gfdl - DEBUG - Integration completed through    1 Dec 15   0: 0: 0
2018-06-22 20:17:33,908 - gfdl - DEBUG - Integration completed through    1 Dec 16   0: 0: 0
2018-06-22 20:18:18,719 - gfdl - DEBUG - Integration completed through    1 Dec 17   0: 0: 0
2018-06-22 20:19:03,216 - gfdl - DEBUG - Integration completed through    1 Dec 18   0: 0: 0
2018-06-22 20:19:47,734 - gfdl - DEBUG - Integration completed through    1 Dec 19   0: 0: 0
2018-06-22 20:20:32,368 - gfdl - DEBUG - Integration completed through    1 Dec 20   0: 0: 0
2018-06-22 20:21:16,832 - gfdl - DEBUG - Integration completed through    1 Dec 21   0: 0: 0
2018-06-22 20:22:01,241 - gfdl - DEBUG - Integration completed through    1 Dec 22   0: 0: 0
2018-06-22 20:22:46,435 - gfdl - DEBUG - Integration completed through    1 Dec 23   0: 0: 0
2018-06-22 20:23:30,779 - gfdl - DEBUG - Integration completed through    1 Dec 24   0: 0: 0
2018-06-22 20:24:15,345 - gfdl - DEBUG - Integration completed through    1 Dec 25   0: 0: 0
2018-06-22 20:24:59,727 - gfdl - DEBUG - Integration completed through    1 Dec 26   0: 0: 0
2018-06-22 20:25:44,014 - gfdl - DEBUG - Integration completed through    1 Dec 27   0: 0: 0
2018-06-22 20:26:28,608 - gfdl - DEBUG - Integration completed through    1 Dec 28   0: 0: 0
2018-06-22 20:27:13,190 - gfdl - DEBUG - Integration completed through    1 Dec 29   0: 0: 0
2018-06-22 20:27:57,731 - gfdl - DEBUG - Integration completed through    1 Dec 30   0: 0: 0
2018-06-22 20:28:42,493 - gfdl - DEBUG - Integration completed through    2 Jan  1   0: 0: 0
2018-06-22 20:28:42,579 - gfdl - DEBUG - NOTE from PE    0: MPP_IO_SET_STACK_SIZE: stack size set to    1638400.
2018-06-22 20:28:43,967 - gfdl - DEBUG - MPP_DOMAINS_STACK high water mark=      102400
2018-06-22 20:28:43,968 - gfdl - DEBUG - Tabulating mpp_clock statistics across     64 PEs...
2018-06-22 20:28:43,968 - gfdl - DEBUG - tmin          tmax          tavg          tstd  tfrac grain pemin pemax
2018-06-22 20:28:43,979 - gfdl - DEBUG - Total runtime                     15914.793746  15914.793974  15914.793816      0.000082  1.000     0     0    63
2018-06-22 20:28:43,979 - gfdl - DEBUG - MPP_STACK high water mark=           0
2018-06-22 20:28:44,271 - gfdl - DEBUG - Month 1 complete, combining nc files
2018-06-22 20:34:52,813 - gfdl - INFO - Run for month 1 complete
2018-06-22 20:36:54,015 - gfdl - INFO - Saved restart file '/cluster/work/climate/bernatj/fixed_sst_clim_t85/restarts/res_1.cpio'
2018-06-22 20:36:54,058 - gfdl - INFO - Could not output git commit hash
2018-06-22 20:39:28,614 - gfdl - INFO - Emptied run directory '/cluster/work/climate/bernatj/fixed_sst_clim_t85/run'
2018-06-22 20:39:28,619 - gfdl - WARNING - Data for month 2 already exists and overwrite_data is True. Overwriting.
2018-06-22 20:39:28,691 - gfdl - INFO - Writing namelist to '/cluster/work/climate/bernatj/fixed_sst_clim_t85/run/input.nml'
2018-06-22 20:39:28,701 - gfdl - INFO - Writing field_table to '/cluster/work/climate/bernatj/fixed_sst_clim_t85/run/field_table'
2018-06-22 20:39:28,730 - gfdl - INFO - Writing diag_table to '/cluster/work/climate/bernatj/fixed_sst_clim_t85/run/diag_table'
2018-06-22 20:39:29,376 - gfdl - INFO - Using restart file '/cluster/work/climate/bernatj/fixed_sst_clim_t85/restarts/res_1.cpio'
2018-06-22 20:39:29,381 - gfdl - INFO - Running GFDL for month 2
2018-06-22 20:39:30,010 - gfdl - DEBUG - loadmodules
2018-06-22 20:39:30,489 - gfdl - DEBUG - Currently Loaded Modulefiles:
2018-06-22 20:39:30,495 - gfdl - DEBUG - 1) new                           5) szip/2.1(default)
2018-06-22 20:39:30,495 - gfdl - DEBUG - 2) intel/16.0.2.181              6) hdf5/1.8.12(default)
2018-06-22 20:39:30,495 - gfdl - DEBUG - 3) legacy                        7) netcdf/4.3.1(4.3:default)
2018-06-22 20:39:30,495 - gfdl - DEBUG - 4) centos_cruft/6                8) open_mpi/1.6.5(1.6:default)
2018-06-22 20:39:38,199 - gfdl - DEBUG - spectral_dynamics.res.nc
2018-06-22 20:39:38,227 - gfdl - DEBUG - mixed_layer.res.nc
2018-06-22 20:39:42,744 - gfdl - DEBUG - atmosphere.res.nc
2018-06-22 20:39:42,746 - gfdl - DEBUG - atmos_model.res
2018-06-22 20:39:42,746 - gfdl - DEBUG - 638556 blocks
2018-06-22 20:39:46,127 - gfdl - DEBUG - NOTE from PE    0: MPP_DOMAINS_SET_STACK_SIZE: stack size set to    32768.
2018-06-22 20:39:46,127 - gfdl - DEBUG - &MPP_IO_NML
2018-06-22 20:39:46,127 - gfdl - DEBUG - HEADER_BUFFER_VAL       =       16384,
2018-06-22 20:39:46,127 - gfdl - DEBUG - GLOBAL_FIELD_ON_ROOT_PE = T,
2018-06-22 20:39:46,127 - gfdl - DEBUG - IO_CLOCKS_ON    = F,
2018-06-22 20:39:46,127 - gfdl - DEBUG - SHUFFLE =           0,
2018-06-22 20:39:46,128 - gfdl - DEBUG - DEFLATE_LEVEL   =          -1
2018-06-22 20:39:46,128 - gfdl - DEBUG - /
2018-06-22 20:39:46,128 - gfdl - DEBUG - NOTE from PE    0: MPP_IO_SET_STACK_SIZE: stack size set to     131072.
2018-06-22 20:39:46,132 - gfdl - DEBUG - NOTE from PE    0: MPP_DOMAINS_SET_STACK_SIZE: stack size set to   600000.
2018-06-22 20:39:46,174 - gfdl - DEBUG - starting            1  OpenMP threads per MPI-task
2018-06-22 20:39:46,185 - gfdl - DEBUG - ATMOS MODEL DOMAIN DECOMPOSITION
2018-06-22 20:39:46,185 - gfdl - DEBUG - X-AXIS =  256
2018-06-22 20:39:46,186 - gfdl - DEBUG - Y-AXIS =    2   2   2   2   2   2   2   2   2   2   2   2   2   2   2   2   2   2   2   2   2   2   2   2
2018-06-22 20:39:46,186 - gfdl - DEBUG - 2   2   2   2   2   2   2   2   2   2   2   2   2   2   2   2   2   2   2   2   2   2   2   2
2018-06-22 20:39:46,186 - gfdl - DEBUG - 2   2   2   2   2   2   2   2   2   2   2   2   2   2   2   2
2018-06-22 20:39:46,439 - gfdl - DEBUG - NOTE from PE    0: idealized_moist_phys: Using Betts-Miller convection scheme.
2018-06-22 20:39:46,625 - gfdl - DEBUG - NOTE from PE    0: interpolator_mod :sst_clim_ersstv4.nc is a year-independent climatology file
2018-06-22 20:39:48,392 - gfdl - DEBUG - Initializing src field : sst_clim_ersstv4
2018-06-22 20:39:48,428 - gfdl - DEBUG - NOTE from PE    0: interpolator_mod :siconc_clim_eraint.nc is a year-independent climatology file
2018-06-22 20:39:48,437 - gfdl - DEBUG - Initializing src field : siconc_clim_eraint
2018-06-22 20:39:48,657 - gfdl - DEBUG - NOTE from PE    0: interpolator_mod :ozone_era.nc is a year-independent climatology file
2018-06-22 20:39:48,857 - gfdl - DEBUG - Initializing src field : ozone_era
2018-06-22 20:39:48,908 - gfdl - DEBUG - NOTE from PE    0: interpolator_mod :h2o_era.nc is a year-independent climatology file
2018-06-22 20:39:48,942 - gfdl - DEBUG - Initializing src field : h2o_era
2018-06-22 20:39:49,025 - gfdl - DEBUG - NOTE from PE    0: MPP_IO_SET_STACK_SIZE: stack size set to     388944.
2018-06-22 20:40:37,396 - gfdl - DEBUG - Integration completed through    2 Jan  2   0: 0: 0
2018-06-22 20:41:21,372 - gfdl - DEBUG - Integration completed through    2 Jan  3   0: 0: 0
2018-06-22 20:42:05,391 - gfdl - DEBUG - Integration completed through    2 Jan  4   0: 0: 0
2018-06-22 20:42:49,608 - gfdl - DEBUG - Integration completed through    2 Jan  5   0: 0: 0
2018-06-22 20:43:34,021 - gfdl - DEBUG - Integration completed through    2 Jan  6   0: 0: 0
2018-06-22 20:44:18,528 - gfdl - DEBUG - Integration completed through    2 Jan  7   0: 0: 0
2018-06-22 20:45:02,447 - gfdl - DEBUG - Integration completed through    2 Jan  8   0: 0: 0
2018-06-22 20:45:46,476 - gfdl - DEBUG - Integration completed through    2 Jan  9   0: 0: 0
2018-06-22 20:46:39,166 - gfdl - DEBUG - Integration completed through    2 Jan 10   0: 0: 0
2018-06-22 20:47:23,313 - gfdl - DEBUG - Integration completed through    2 Jan 11   0: 0: 0
2018-06-22 20:48:07,505 - gfdl - DEBUG - Integration completed through    2 Jan 12   0: 0: 0
2018-06-22 20:48:51,652 - gfdl - DEBUG - Integration completed through    2 Jan 13   0: 0: 0
2018-06-22 20:49:36,029 - gfdl - DEBUG - Integration completed through    2 Jan 14   0: 0: 0
2018-06-22 20:50:20,354 - gfdl - DEBUG - Integration completed through    2 Jan 15   0: 0: 0
2018-06-22 20:51:04,313 - gfdl - DEBUG - Integration completed through    2 Jan 16   0: 0: 0
2018-06-22 20:51:48,373 - gfdl - DEBUG - Integration completed through    2 Jan 17   0: 0: 0
2018-06-22 20:52:32,398 - gfdl - DEBUG - Integration completed through    2 Jan 18   0: 0: 0
2018-06-22 20:53:16,598 - gfdl - DEBUG - Integration completed through    2 Jan 19   0: 0: 0
2018-06-22 20:54:01,105 - gfdl - DEBUG - Integration completed through    2 Jan 20   0: 0: 0
2018-06-22 20:54:45,010 - gfdl - DEBUG - Integration completed through    2 Jan 21   0: 0: 0
2018-06-22 20:55:29,496 - gfdl - DEBUG - Integration completed through    2 Jan 22   0: 0: 0
2018-06-22 20:56:13,674 - gfdl - DEBUG - Integration completed through    2 Jan 23   0: 0: 0
2018-06-22 20:56:24,466 - gfdl - ERROR - Manual interrupt, killing process.
2018-06-22 20:56:24,466 - gfdl - DEBUG - mpirun: killing job...
2018-06-22 20:56:24,466 - gfdl - INFO - Cleaning run directory.
Exception in thread background thread for pid 33324:
Traceback (most recent call last):
  File "/cluster/apps/python/2.7.6/x86_64/lib64/python2.7/threading.py", line 810, in __bootstrap_inner
    self.run()
  File "/cluster/apps/python/2.7.6/x86_64/lib64/python2.7/threading.py", line 763, in run
    self.__target(*self.__args, **self.__kwargs)
  File "/cluster/home/bernatj/.local/lib64/python2.7/site-packages/sh.py", line 1540, in wrap
    fn(*args, **kwargs)
  File "/cluster/home/bernatj/.local/lib64/python2.7/site-packages/sh.py", line 2459, in background_thread
    handle_exit_code(exit_code)
  File "/cluster/home/bernatj/.local/lib64/python2.7/site-packages/sh.py", line 2157, in fn
    return self.command.handle_command_exit_code(exit_code)
  File "/cluster/home/bernatj/.local/lib64/python2.7/site-packages/sh.py", line 815, in handle_command_exit_code
    raise exc
SignalException_SIGKILL: 

  RAN: /usr/bin/bash /cluster/work/climate/bernatj/fixed_sst_clim_t85/run/runmonth.sh

  STDOUT:


  STDERR:


